\BOOKMARK [1][-]{section.1}{\376\377\000I\000n\000t\000r\000o\000d\000u\000c\000t\000i\000o\000n}{}% 1
\BOOKMARK [1][-]{section.2}{\376\377\000B\000a\000c\000k\000g\000r\000o\000u\000n\000d}{}% 2
\BOOKMARK [2][-]{subsection.2.1}{\376\377\000G\000r\000o\000u\000p\000\040\000e\000x\000t\000e\000n\000s\000i\000o\000n\000s\000\040\000i\000n\000\040\000a\000l\000g\000e\000b\000r\000a}{section.2}% 3
\BOOKMARK [2][-]{subsection.2.2}{\376\377\000M\000a\000t\000h\000l\000i\000b\000'\000s\000\040\000G\000r\000o\000u\000p\000E\000x\000t\000e\000n\000s\000i\000o\000n\000\040\000A\000P\000I}{section.2}% 4
\BOOKMARK [2][-]{subsection.2.3}{\376\377\000G\000r\000o\000u\000p\000\040\000c\000o\000h\000o\000m\000o\000l\000o\000g\000y\000\040\000i\000n\000\040\000L\000e\000a\000n}{section.2}% 5
\BOOKMARK [1][-]{section.3}{\376\377\000F\000i\000b\000e\000r\000\040\000A\000r\000c\000h\000i\000t\000e\000c\000t\000u\000r\000e}{}% 6
\BOOKMARK [2][-]{subsection.3.1}{\376\377\000E\000x\000t\000e\000n\000s\000i\000o\000n\000\040\000f\000i\000b\000e\000r\000s}{section.3}% 7
\BOOKMARK [2][-]{subsection.3.2}{\376\377\000K\000e\000r\000n\000e\000l\000\040\000a\000c\000t\000i\000o\000n\000\040\000a\000n\000d\000\040\000t\000o\000r\000s\000o\000r\000\040\000s\000t\000r\000u\000c\000t\000u\000r\000e}{section.3}% 8
\BOOKMARK [2][-]{subsection.3.3}{\376\377\000S\000e\000t\000-\000t\000h\000e\000o\000r\000e\000t\000i\000c\000\040\000s\000e\000c\000t\000i\000o\000n\000s\000\040\000v\000s\000.\000\040\000h\000o\000m\000o\000m\000o\000r\000p\000h\000i\000c\000\040\000s\000p\000l\000i\000t\000t\000i\000n\000g\000s}{section.3}% 9
\BOOKMARK [1][-]{section.4}{\376\377\000T\000h\000e\000\040\0002\000-\000C\000o\000c\000y\000c\000l\000e\000\040\000a\000n\000d\000\040\000S\000p\000l\000i\000t\000t\000i\000n\000g\000\040\000C\000r\000i\000t\000e\000r\000i\000o\000n}{}% 10
\BOOKMARK [2][-]{subsection.4.1}{\376\377\000T\000h\000e\000\040\000s\000e\000c\000t\000i\000o\000n\000\040\000d\000e\000f\000e\000c\000t}{section.4}% 11
\BOOKMARK [2][-]{subsection.4.2}{\376\377\000T\000h\000e\000\040\0002\000-\000c\000o\000c\000y\000c\000l\000e}{section.4}% 12
\BOOKMARK [2][-]{subsection.4.3}{\376\377\000T\000h\000e\000\040\000d\000e\000f\000e\000c\000t\000\040\000f\000o\000r\000m\000u\000l\000a}{section.4}% 13
\BOOKMARK [2][-]{subsection.4.4}{\376\377\000T\000h\000e\000\040\000s\000p\000l\000i\000t\000t\000i\000n\000g\000\040\000c\000r\000i\000t\000e\000r\000i\000o\000n}{section.4}% 14
\BOOKMARK [1][-]{section.5}{\376\377\000C\000o\000b\000o\000u\000n\000d\000a\000r\000y\000\040\000a\000n\000d\000\040\000S\000e\000c\000t\000i\000o\000n\000-\000I\000n\000d\000e\000p\000e\000n\000d\000e\000n\000c\000e}{}% 15
\BOOKMARK [2][-]{subsection.5.1}{\376\377\000T\000h\000e\000\040\000s\000e\000c\000t\000i\000o\000n\000\040\000d\000i\000f\000f\000e\000r\000e\000n\000c\000e}{section.5}% 16
\BOOKMARK [2][-]{subsection.5.2}{\376\377\000S\000e\000c\000t\000i\000o\000n\000-\000i\000n\000d\000e\000p\000e\000n\000d\000e\000n\000c\000e\000\040\000o\000f\000\040\000s\000p\000l\000i\000t\000t\000i\000n\000g}{section.5}% 17
\BOOKMARK [1][-]{section.6}{\376\377\000C\000o\000n\000j\000u\000g\000a\000t\000i\000o\000n\000\040\000A\000c\000t\000i\000o\000n\000\040\000a\000n\000d\000\040\0002\000-\000C\000o\000c\000y\000c\000l\000e\000\040\000I\000d\000e\000n\000t\000i\000t\000y}{}% 18
\BOOKMARK [2][-]{subsection.6.1}{\376\377\000T\000h\000e\000\040\000c\000o\000n\000j\000u\000g\000a\000t\000i\000o\000n\000\040\000a\000c\000t\000i\000o\000n\000\040\000v\000i\000a\000\040\000s\000e\000c\000t\000i\000o\000n\000s}{section.6}% 19
\BOOKMARK [2][-]{subsection.6.2}{\376\377\000C\000o\000m\000m\000u\000t\000a\000t\000i\000v\000i\000t\000y\000\040\000s\000i\000m\000p\000l\000i\000f\000i\000c\000a\000t\000i\000o\000n\000s}{section.6}% 20
\BOOKMARK [2][-]{subsection.6.3}{\376\377\000S\000p\000l\000i\000t\000t\000i\000n\000g\000\040\000g\000i\000v\000e\000s\000\040\000a\000\040\000g\000r\000o\000u\000p\000\040\000h\000o\000m\000o\000m\000o\000r\000p\000h\000i\000s\000m}{section.6}% 21
\BOOKMARK [2][-]{subsection.6.4}{\376\377\000T\000h\000e\000\040\0002\000-\000c\000o\000c\000y\000c\000l\000e\000\040\000i\000d\000e\000n\000t\000i\000t\000y}{section.6}% 22
\BOOKMARK [1][-]{section.7}{\376\377\000R\000e\000s\000t\000r\000i\000c\000t\000i\000o\000n\000\040\000t\000o\000\040\000S\000u\000b\000g\000r\000o\000u\000p\000s\000\040\000a\000n\000d\000\040\000L\000o\000c\000a\000l\000-\000t\000o\000-\000G\000l\000o\000b\000a\000l}{}% 23
\BOOKMARK [2][-]{subsection.7.1}{\376\377\000T\000h\000e\000\040\000d\000i\000r\000e\000c\000t\000\040\000p\000r\000o\000d\000u\000c\000t\000\040\000e\000x\000t\000e\000n\000s\000i\000o\000n}{section.7}% 24
\BOOKMARK [2][-]{subsection.7.2}{\376\377\000T\000h\000e\000\040\000o\000b\000s\000t\000r\000u\000c\000t\000i\000o\000n\000\040\000t\000h\000e\000o\000r\000e\000m}{section.7}% 25
\BOOKMARK [2][-]{subsection.7.3}{\376\377\000R\000e\000s\000t\000r\000i\000c\000t\000i\000o\000n\000\040\000v\000i\000a\000\040\000p\000u\000l\000l\000b\000a\000c\000k\000\040\000s\000u\000b\000g\000r\000o\000u\000p\000s}{section.7}% 26
\BOOKMARK [2][-]{subsection.7.4}{\376\377\000G\000l\000o\000b\000a\000l\000-\000t\000o\000-\000l\000o\000c\000a\000l\000\040\000a\000n\000d\000\040\000t\000h\000e\000\040\000c\000o\000n\000t\000r\000a\000p\000o\000s\000i\000t\000i\000v\000e}{section.7}% 27
\BOOKMARK [1][-]{section.8}{\376\377\000F\000a\000i\000t\000h\000f\000u\000l\000l\000y\000\040\000F\000l\000a\000t\000\040\000D\000e\000s\000c\000e\000n\000t\000\040\000a\000s\000\040\000C\000o\000n\000s\000e\000r\000v\000a\000t\000i\000v\000e\000\040\000I\000n\000s\000t\000a\000n\000c\000e}{}% 28
\BOOKMARK [2][-]{subsection.8.1}{\376\377\000T\000h\000e\000\040\000d\000e\000s\000c\000e\000n\000t\000\040\000p\000r\000i\000n\000c\000i\000p\000l\000e}{section.8}% 29
\BOOKMARK [2][-]{subsection.8.2}{\376\377\000A\000r\000c\000h\000i\000t\000e\000c\000t\000u\000r\000a\000l\000\040\000c\000o\000n\000t\000r\000a\000s\000t}{section.8}% 30
\BOOKMARK [1][-]{section.9}{\376\377\000R\000e\000l\000a\000t\000e\000d\000\040\000W\000o\000r\000k}{}% 31
\BOOKMARK [1][-]{section.10}{\376\377\000C\000o\000n\000c\000l\000u\000s\000i\000o\000n}{}% 32
\BOOKMARK [1][-]{appendix.A}{\376\377\000T\000h\000e\000o\000r\000e\000m\000\040\000I\000n\000d\000e\000x}{}% 33
\BOOKMARK [1][-]{appendix.B}{\376\377\000M\000o\000d\000u\000l\000e\000\040\000D\000e\000p\000e\000n\000d\000e\000n\000c\000y\000\040\000G\000r\000a\000p\000h}{}% 34
