This is pdfTeX, Version 3.141592653-2.6-1.40.27 (TeX Live 2025) (preloaded format=pdflatex 2025.3.8)  22 MAR 2026 15:55
entering extended mode
 restricted \write18 enabled.
 %&-line parsing enabled.
**Canonical_Certification_and_Enriched_Reflective_Realization.tex
(./Canonical_Certification_and_Enriched_Reflective_Realization.tex
LaTeX2e <2024-11-01> patch level 2
L3 programming layer <2025-01-18>
(/usr/local/texlive/2025/texmf-dist/tex/latex/base/article.cls
Document Class: article 2024/06/29 v1.4n Standard LaTeX document class
(/usr/local/texlive/2025/texmf-dist/tex/latex/base/size11.clo
File: size11.clo 2024/06/29 v1.4n Standard LaTeX file (size option)
)
\c@part=\count196
\c@section=\count197
\c@subsection=\count198
\c@subsubsection=\count199
\c@paragraph=\count266
\c@subparagraph=\count267
\c@figure=\count268
\c@table=\count269
\abovecaptionskip=\skip49
\belowcaptionskip=\skip50
\bibindent=\dimen141
)
(../suite_preamble.tex
(/usr/local/texlive/2025/texmf-dist/tex/latex/geometry/geometry.sty
Package: geometry 2020/01/02 v5.9 Page Geometry

(/usr/local/texlive/2025/texmf-dist/tex/latex/graphics/keyval.sty
Package: keyval 2022/05/29 v1.15 key=value parser (DPC)
\KV@toks@=\toks17
)
(/usr/local/texlive/2025/texmf-dist/tex/generic/iftex/ifvtex.sty
Package: ifvtex 2019/10/25 v1.7 ifvtex legacy package. Use iftex instead.

(/usr/local/texlive/2025/texmf-dist/tex/generic/iftex/iftex.sty
Package: iftex 2024/12/12 v1.0g TeX engine tests
))
\Gm@cnth=\count270
\Gm@cntv=\count271
\c@Gm@tempcnt=\count272
\Gm@bindingoffset=\dimen142
\Gm@wd@mp=\dimen143
\Gm@odd@mp=\dimen144
\Gm@even@mp=\dimen145
\Gm@layoutwidth=\dimen146
\Gm@layoutheight=\dimen147
\Gm@layouthoffset=\dimen148
\Gm@layoutvoffset=\dimen149
\Gm@dimlist=\toks18
)
(/usr/local/texlive/2025/texmf-dist/tex/latex/base/inputenc.sty
Package: inputenc 2024/02/08 v1.3d Input encoding file
\inpenc@prehook=\toks19
\inpenc@posthook=\toks20
)
(/usr/local/texlive/2025/texmf-dist/tex/latex/base/fontenc.sty
Package: fontenc 2021/04/29 v2.0v Standard LaTeX package
)
(/usr/local/texlive/2025/texmf-dist/tex/latex/microtype/microtype.sty
Package: microtype 2025/02/11 v3.2a Micro-typographical refinements (RS)

(/usr/local/texlive/2025/texmf-dist/tex/latex/etoolbox/etoolbox.sty
Package: etoolbox 2025/02/11 v2.5l e-TeX tools for LaTeX (JAW)
\etb@tempcnta=\count273
)
\MT@toks=\toks21
\MT@tempbox=\box52
\MT@count=\count274
LaTeX Info: Redefining \noprotrusionifhmode on input line 1087.
LaTeX Info: Redefining \leftprotrusion on input line 1088.
\MT@prot@toks=\toks22
LaTeX Info: Redefining \rightprotrusion on input line 1107.
LaTeX Info: Redefining \textls on input line 1449.
\MT@outer@kern=\dimen150
LaTeX Info: Redefining \microtypecontext on input line 2053.
LaTeX Info: Redefining \textmicrotypecontext on input line 2070.
\MT@listname@count=\count275

(/usr/local/texlive/2025/texmf-dist/tex/latex/microtype/microtype-pdftex.def
File: microtype-pdftex.def 2025/02/11 v3.2a Definitions specific to pdftex (RS)

LaTeX Info: Redefining \lsstyle on input line 944.
LaTeX Info: Redefining \lslig on input line 944.
\MT@outer@space=\skip51
)
Package microtype Info: Loading configuration file microtype.cfg.

(/usr/local/texlive/2025/texmf-dist/tex/latex/microtype/microtype.cfg
File: microtype.cfg 2025/02/11 v3.2a microtype main configuration file (RS)
)
LaTeX Info: Redefining \microtypesetup on input line 3065.
)
(/usr/local/texlive/2025/texmf-dist/tex/latex/amsmath/amsmath.sty
Package: amsmath 2024/11/05 v2.17t AMS math features
\@mathmargin=\skip52

For additional information on amsmath, use the `?' option.
(/usr/local/texlive/2025/texmf-dist/tex/latex/amsmath/amstext.sty
Package: amstext 2021/08/26 v2.01 AMS text

(/usr/local/texlive/2025/texmf-dist/tex/latex/amsmath/amsgen.sty
File: amsgen.sty 1999/11/30 v2.0 generic functions
\@emptytoks=\toks23
\ex@=\dimen151
))
(/usr/local/texlive/2025/texmf-dist/tex/latex/amsmath/amsbsy.sty
Package: amsbsy 1999/11/29 v1.2d Bold Symbols
\pmbraise@=\dimen152
)
(/usr/local/texlive/2025/texmf-dist/tex/latex/amsmath/amsopn.sty
Package: amsopn 2022/04/08 v2.04 operator names
)
\inf@bad=\count276
LaTeX Info: Redefining \frac on input line 233.
\uproot@=\count277
\leftroot@=\count278
LaTeX Info: Redefining \overline on input line 398.
LaTeX Info: Redefining \colon on input line 409.
\classnum@=\count279
\DOTSCASE@=\count280
LaTeX Info: Redefining \ldots on input line 495.
LaTeX Info: Redefining \dots on input line 498.
LaTeX Info: Redefining \cdots on input line 619.
\Mathstrutbox@=\box53
\strutbox@=\box54
LaTeX Info: Redefining \big on input line 721.
LaTeX Info: Redefining \Big on input line 722.
LaTeX Info: Redefining \bigg on input line 723.
LaTeX Info: Redefining \Bigg on input line 724.
\big@size=\dimen153
LaTeX Font Info:    Redeclaring font encoding OML on input line 742.
LaTeX Font Info:    Redeclaring font encoding OMS on input line 743.
\macc@depth=\count281
LaTeX Info: Redefining \bmod on input line 904.
LaTeX Info: Redefining \pmod on input line 909.
LaTeX Info: Redefining \smash on input line 939.
LaTeX Info: Redefining \relbar on input line 969.
LaTeX Info: Redefining \Relbar on input line 970.
\c@MaxMatrixCols=\count282
\dotsspace@=\muskip17
\c@parentequation=\count283
\dspbrk@lvl=\count284
\tag@help=\toks24
\row@=\count285
\column@=\count286
\maxfields@=\count287
\andhelp@=\toks25
\eqnshift@=\dimen154
\alignsep@=\dimen155
\tagshift@=\dimen156
\tagwidth@=\dimen157
\totwidth@=\dimen158
\lineht@=\dimen159
\@envbody=\toks26
\multlinegap=\skip53
\multlinetaggap=\skip54
\mathdisplay@stack=\toks27
LaTeX Info: Redefining \[ on input line 2953.
LaTeX Info: Redefining \] on input line 2954.
)
(/usr/local/texlive/2025/texmf-dist/tex/latex/amsfonts/amssymb.sty
Package: amssymb 2013/01/14 v3.01 AMS font symbols

(/usr/local/texlive/2025/texmf-dist/tex/latex/amsfonts/amsfonts.sty
Package: amsfonts 2013/01/14 v3.01 Basic AMSFonts support
\symAMSa=\mathgroup4
\symAMSb=\mathgroup5
LaTeX Font Info:    Redeclaring math symbol \hbar on input line 98.
LaTeX Font Info:    Overwriting math alphabet `\mathfrak' in version `bold'
(Font)                  U/euf/m/n --> U/euf/b/n on input line 106.
))
(/usr/local/texlive/2025/texmf-dist/tex/latex/amscls/amsthm.sty
Package: amsthm 2020/05/29 v2.20.6
\thm@style=\toks28
\thm@bodyfont=\toks29
\thm@headfont=\toks30
\thm@notefont=\toks31
\thm@headpunct=\toks32
\thm@preskip=\skip55
\thm@postskip=\skip56
\thm@headsep=\skip57
\dth@everypar=\toks33
)
(/usr/local/texlive/2025/texmf-dist/tex/latex/mathtools/mathtools.sty
Package: mathtools 2024/10/04 v1.31 mathematical typesetting tools

(/usr/local/texlive/2025/texmf-dist/tex/latex/tools/calc.sty
Package: calc 2023/07/08 v4.3 Infix arithmetic (KKT,FJ)
\calc@Acount=\count288
\calc@Bcount=\count289
\calc@Adimen=\dimen160
\calc@Bdimen=\dimen161
\calc@Askip=\skip58
\calc@Bskip=\skip59
LaTeX Info: Redefining \setlength on input line 80.
LaTeX Info: Redefining \addtolength on input line 81.
\calc@Ccount=\count290
\calc@Cskip=\skip60
)
(/usr/local/texlive/2025/texmf-dist/tex/latex/mathtools/mhsetup.sty
Package: mhsetup 2021/03/18 v1.4 programming setup (MH)
)
\g_MT_multlinerow_int=\count291
\l_MT_multwidth_dim=\dimen162
\origjot=\skip61
\l_MT_shortvdotswithinadjustabove_dim=\dimen163
\l_MT_shortvdotswithinadjustbelow_dim=\dimen164
\l_MT_above_intertext_sep=\dimen165
\l_MT_below_intertext_sep=\dimen166
\l_MT_above_shortintertext_sep=\dimen167
\l_MT_below_shortintertext_sep=\dimen168
\xmathstrut@box=\box55
\xmathstrut@dim=\dimen169
)
(/usr/local/texlive/2025/texmf-dist/tex/latex/enumitem/enumitem.sty
Package: enumitem 2025/02/06 v3.11 Customized lists
\labelindent=\skip62
\enit@outerparindent=\dimen170
\enit@toks=\toks34
\enit@inbox=\box56
\enit@count@id=\count292
\enitdp@description=\count293
)
(/usr/local/texlive/2025/texmf-dist/tex/latex/booktabs/booktabs.sty
Package: booktabs 2020/01/12 v1.61803398 Publication quality tables
\heavyrulewidth=\dimen171
\lightrulewidth=\dimen172
\cmidrulewidth=\dimen173
\belowrulesep=\dimen174
\belowbottomsep=\dimen175
\aboverulesep=\dimen176
\abovetopsep=\dimen177
\cmidrulesep=\dimen178
\cmidrulekern=\dimen179
\defaultaddspace=\dimen180
\@cmidla=\count294
\@cmidlb=\count295
\@aboverulesep=\dimen181
\@belowrulesep=\dimen182
\@thisruleclass=\count296
\@lastruleclass=\count297
\@thisrulewidth=\dimen183
)
(/usr/local/texlive/2025/texmf-dist/tex/latex/tools/array.sty
Package: array 2024/10/17 v2.6g Tabular extension package (FMi)
\col@sep=\dimen184
\ar@mcellbox=\box57
\extrarowheight=\dimen185
\NC@list=\toks35
\extratabsurround=\skip63
\backup@length=\skip64
\ar@cellbox=\box58
)
(/usr/local/texlive/2025/texmf-dist/tex/latex/hyperref/hyperref.sty
Package: hyperref 2024-11-05 v7.01l Hypertext links for LaTeX

(/usr/local/texlive/2025/texmf-dist/tex/latex/kvsetkeys/kvsetkeys.sty
Package: kvsetkeys 2022-10-05 v1.19 Key value parser (HO)
)
(/usr/local/texlive/2025/texmf-dist/tex/generic/kvdefinekeys/kvdefinekeys.sty
Package: kvdefinekeys 2019-12-19 v1.6 Define keys (HO)
)
(/usr/local/texlive/2025/texmf-dist/tex/generic/pdfescape/pdfescape.sty
Package: pdfescape 2019/12/09 v1.15 Implements pdfTeX's escape features (HO)

(/usr/local/texlive/2025/texmf-dist/tex/generic/ltxcmds/ltxcmds.sty
Package: ltxcmds 2023-12-04 v1.26 LaTeX kernel commands for general use (HO)
)
(/usr/local/texlive/2025/texmf-dist/tex/generic/pdftexcmds/pdftexcmds.sty
Package: pdftexcmds 2020-06-27 v0.33 Utility functions of pdfTeX for LuaTeX (HO
)

(/usr/local/texlive/2025/texmf-dist/tex/generic/infwarerr/infwarerr.sty
Package: infwarerr 2019/12/03 v1.5 Providing info/warning/error messages (HO)
)
Package pdftexcmds Info: \pdf@primitive is available.
Package pdftexcmds Info: \pdf@ifprimitive is available.
Package pdftexcmds Info: \pdfdraftmode found.
))
(/usr/local/texlive/2025/texmf-dist/tex/latex/hycolor/hycolor.sty
Package: hycolor 2020-01-27 v1.10 Color options for hyperref/bookmark (HO)
)
(/usr/local/texlive/2025/texmf-dist/tex/latex/hyperref/nameref.sty
Package: nameref 2023-11-26 v2.56 Cross-referencing by name of section

(/usr/local/texlive/2025/texmf-dist/tex/latex/refcount/refcount.sty
Package: refcount 2019/12/15 v3.6 Data extraction from label references (HO)
)
(/usr/local/texlive/2025/texmf-dist/tex/generic/gettitlestring/gettitlestring.s
ty
Package: gettitlestring 2019/12/15 v1.6 Cleanup title references (HO)
 (/usr/local/texlive/2025/texmf-dist/tex/latex/kvoptions/kvoptions.sty
Package: kvoptions 2022-06-15 v3.15 Key value format for package options (HO)
))
\c@section@level=\count298
)
(/usr/local/texlive/2025/texmf-dist/tex/generic/stringenc/stringenc.sty
Package: stringenc 2019/11/29 v1.12 Convert strings between diff. encodings (HO
)
)
\@linkdim=\dimen186
\Hy@linkcounter=\count299
\Hy@pagecounter=\count300

(/usr/local/texlive/2025/texmf-dist/tex/latex/hyperref/pd1enc.def
File: pd1enc.def 2024-11-05 v7.01l Hyperref: PDFDocEncoding definition (HO)
Now handling font encoding PD1 ...
... no UTF-8 mapping file for font encoding PD1
)
(/usr/local/texlive/2025/texmf-dist/tex/generic/intcalc/intcalc.sty
Package: intcalc 2019/12/15 v1.3 Expandable calculations with integers (HO)
)
\Hy@SavedSpaceFactor=\count301

(/usr/local/texlive/2025/texmf-dist/tex/latex/hyperref/puenc.def
File: puenc.def 2024-11-05 v7.01l Hyperref: PDF Unicode definition (HO)
Now handling font encoding PU ...
... no UTF-8 mapping file for font encoding PU
)
Package hyperref Info: Hyper figures OFF on input line 4157.
Package hyperref Info: Link nesting OFF on input line 4162.
Package hyperref Info: Hyper index ON on input line 4165.
Package hyperref Info: Plain pages OFF on input line 4172.
Package hyperref Info: Backreferencing OFF on input line 4177.
Package hyperref Info: Implicit mode ON; LaTeX internals redefined.
Package hyperref Info: Bookmarks ON on input line 4424.
\c@Hy@tempcnt=\count302

(/usr/local/texlive/2025/texmf-dist/tex/latex/url/url.sty
\Urlmuskip=\muskip18
Package: url 2013/09/16  ver 3.4  Verb mode for urls, etc.
)
LaTeX Info: Redefining \url on input line 4763.
\XeTeXLinkMargin=\dimen187

(/usr/local/texlive/2025/texmf-dist/tex/generic/bitset/bitset.sty
Package: bitset 2019/12/09 v1.3 Handle bit-vector datatype (HO)

(/usr/local/texlive/2025/texmf-dist/tex/generic/bigintcalc/bigintcalc.sty
Package: bigintcalc 2019/12/15 v1.5 Expandable calculations on big integers (HO
)
))
\Fld@menulength=\count303
\Field@Width=\dimen188
\Fld@charsize=\dimen189
Package hyperref Info: Hyper figures OFF on input line 6042.
Package hyperref Info: Link nesting OFF on input line 6047.
Package hyperref Info: Hyper index ON on input line 6050.
Package hyperref Info: backreferencing OFF on input line 6057.
Package hyperref Info: Link coloring OFF on input line 6062.
Package hyperref Info: Link coloring with OCG OFF on input line 6067.
Package hyperref Info: PDF/A mode OFF on input line 6072.

(/usr/local/texlive/2025/texmf-dist/tex/latex/base/atbegshi-ltx.sty
Package: atbegshi-ltx 2021/01/10 v1.0c Emulation of the original atbegshi
package with kernel methods
)
\Hy@abspage=\count304
\c@Item=\count305
\c@Hfootnote=\count306
)
Package hyperref Info: Driver (autodetected): hpdftex.

(/usr/local/texlive/2025/texmf-dist/tex/latex/hyperref/hpdftex.def
File: hpdftex.def 2024-11-05 v7.01l Hyperref driver for pdfTeX

(/usr/local/texlive/2025/texmf-dist/tex/latex/base/atveryend-ltx.sty
Package: atveryend-ltx 2020/08/19 v1.0a Emulation of the original atveryend pac
kage
with kernel methods
)
\Fld@listcount=\count307
\c@bookmark@seq@number=\count308

(/usr/local/texlive/2025/texmf-dist/tex/latex/rerunfilecheck/rerunfilecheck.sty
Package: rerunfilecheck 2022-07-10 v1.10 Rerun checks for auxiliary files (HO)

(/usr/local/texlive/2025/texmf-dist/tex/generic/uniquecounter/uniquecounter.sty
Package: uniquecounter 2019/12/15 v1.4 Provide unlimited unique counter (HO)
)
Package uniquecounter Info: New unique counter `rerunfilecheck' on input line 2
85.
)
\Hy@SectionHShift=\skip65
)
Package hyperref Info: Option `colorlinks' set `true' on input line 21.
 (/usr/local/texlive/2025/texmf-dist/tex/latex/cleveref/cleveref.sty
Package: cleveref 2018/03/27 v0.21.4 Intelligent cross-referencing
Package cleveref Info: `hyperref' support loaded on input line 2370.
LaTeX Info: Redefining \cref on input line 2370.
LaTeX Info: Redefining \Cref on input line 2370.
LaTeX Info: Redefining \crefrange on input line 2370.
LaTeX Info: Redefining \Crefrange on input line 2370.
LaTeX Info: Redefining \cpageref on input line 2370.
LaTeX Info: Redefining \Cpageref on input line 2370.
LaTeX Info: Redefining \cpagerefrange on input line 2370.
LaTeX Info: Redefining \Cpagerefrange on input line 2370.
LaTeX Info: Redefining \labelcref on input line 2370.
LaTeX Info: Redefining \labelcpageref on input line 2370.
Package cleveref Info: `amsthm' support loaded on input line 3026.
)
\c@theorem=\count309
)
(/usr/local/texlive/2025/texmf-dist/tex/latex/tools/longtable.sty
Package: longtable 2024-10-27 v4.22 Multi-page Table package (DPC)
\LTleft=\skip66
\LTright=\skip67
\LTpre=\skip68
\LTpost=\skip69
\LTchunksize=\count310
\LTcapwidth=\dimen190
\LT@head=\box59
\LT@firsthead=\box60
\LT@foot=\box61
\LT@lastfoot=\box62
\LT@gbox=\box63
\LT@cols=\count311
\LT@rows=\count312
\c@LT@tables=\count313
\c@LT@chunks=\count314
\LT@p@ftn=\toks36
)
(/usr/local/texlive/2025/texmf-dist/tex/latex/listings/listings.sty
\lst@mode=\count315
\lst@gtempboxa=\box64
\lst@token=\toks37
\lst@length=\count316
\lst@currlwidth=\dimen191
\lst@column=\count317
\lst@pos=\count318
\lst@lostspace=\dimen192
\lst@width=\dimen193
\lst@newlines=\count319
\lst@lineno=\count320
\lst@maxwidth=\dimen194

(/usr/local/texlive/2025/texmf-dist/tex/latex/listings/lstpatch.sty
File: lstpatch.sty 2024/09/23 1.10c (Carsten Heinz)
)
(/usr/local/texlive/2025/texmf-dist/tex/latex/listings/lstmisc.sty
File: lstmisc.sty 2024/09/23 1.10c (Carsten Heinz)
\c@lstnumber=\count321
\lst@skipnumbers=\count322
\lst@framebox=\box65
)
(/usr/local/texlive/2025/texmf-dist/tex/latex/listings/listings.cfg
File: listings.cfg 2024/09/23 1.10c listings configuration
))
Package: listings 2024/09/23 1.10c (Carsten Heinz)

(../suite_macros.tex)
(/usr/local/texlive/2025/texmf-dist/tex/latex/l3backend/l3backend-pdftex.def
File: l3backend-pdftex.def 2024-05-08 L3 backend support: PDF output (pdfTeX)
\l__color_backend_stack_int=\count323
\l__pdf_internal_box=\box66
)
(./Canonical_Certification_and_Enriched_Reflective_Realization.aux

LaTeX Warning: Label `sec:conclusion' multiply defined.


LaTeX Warning: Label `sec:conclusion@cref' multiply defined.

)
\openout1 = `Canonical_Certification_and_Enriched_Reflective_Realization.aux'.

LaTeX Font Info:    Checking defaults for OML/cmm/m/it on input line 25.
LaTeX Font Info:    ... okay on input line 25.
LaTeX Font Info:    Checking defaults for OMS/cmsy/m/n on input line 25.
LaTeX Font Info:    ... okay on input line 25.
LaTeX Font Info:    Checking defaults for OT1/cmr/m/n on input line 25.
LaTeX Font Info:    ... okay on input line 25.
LaTeX Font Info:    Checking defaults for T1/cmr/m/n on input line 25.
LaTeX Font Info:    ... okay on input line 25.
LaTeX Font Info:    Checking defaults for TS1/cmr/m/n on input line 25.
LaTeX Font Info:    ... okay on input line 25.
LaTeX Font Info:    Checking defaults for OMX/cmex/m/n on input line 25.
LaTeX Font Info:    ... okay on input line 25.
LaTeX Font Info:    Checking defaults for U/cmr/m/n on input line 25.
LaTeX Font Info:    ... okay on input line 25.
LaTeX Font Info:    Checking defaults for PD1/pdf/m/n on input line 25.
LaTeX Font Info:    ... okay on input line 25.
LaTeX Font Info:    Checking defaults for PU/pdf/m/n on input line 25.
LaTeX Font Info:    ... okay on input line 25.

*geometry* driver: auto-detecting
*geometry* detected driver: pdftex
*geometry* verbose mode - [ preamble ] result:
* driver: pdftex
* paper: <default>
* layout: <same size as paper>
* layoutoffset:(h,v)=(0.0pt,0.0pt)
* modes: 
* h-part:(L,W,R)=(72.26999pt, 469.75502pt, 72.26999pt)
* v-part:(T,H,B)=(72.26999pt, 650.43001pt, 72.26999pt)
* \paperwidth=614.295pt
* \paperheight=794.96999pt
* \textwidth=469.75502pt
* \textheight=650.43001pt
* \oddsidemargin=0.0pt
* \evensidemargin=0.0pt
* \topmargin=-37.0pt
* \headheight=12.0pt
* \headsep=25.0pt
* \topskip=11.0pt
* \footskip=30.0pt
* \marginparwidth=59.0pt
* \marginparsep=10.0pt
* \columnsep=10.0pt
* \skip\footins=10.0pt plus 4.0pt minus 2.0pt
* \hoffset=0.0pt
* \voffset=0.0pt
* \mag=1000
* \@twocolumnfalse
* \@twosidefalse
* \@mparswitchfalse
* \@reversemarginfalse
* (1in=72.27pt=25.4mm, 1cm=28.453pt)

LaTeX Info: Redefining \microtypecontext on input line 25.
Package microtype Info: Applying patch `item' on input line 25.
Package microtype Info: Applying patch `toc' on input line 25.
Package microtype Info: Applying patch `eqnum' on input line 25.
Package microtype Info: Applying patch `footnote' on input line 25.
Package microtype Info: Applying patch `verbatim' on input line 25.
LaTeX Info: Redefining \microtypesetup on input line 25.
Package microtype Info: Generating PDF output.
Package microtype Info: Character protrusion enabled (level 2).
Package microtype Info: Using default protrusion set `alltext'.
Package microtype Info: Automatic font expansion enabled (level 2),
(microtype)             stretch: 20, shrink: 20, step: 1, non-selected.
Package microtype Info: Using default expansion set `alltext-nott'.
LaTeX Info: Redefining \showhyphens on input line 25.
Package microtype Info: No adjustment of tracking.
Package microtype Info: No adjustment of interword spacing.
Package microtype Info: No adjustment of character kerning.
(/usr/local/texlive/2025/texmf-dist/tex/latex/microtype/mt-cmr.cfg
File: mt-cmr.cfg 2013/05/19 v2.2 microtype config. file: Computer Modern Roman 
(RS)
)
(/usr/local/texlive/2025/texmf-dist/tex/latex/graphics/graphicx.sty
Package: graphicx 2021/09/16 v1.2d Enhanced LaTeX Graphics (DPC,SPQR)

(/usr/local/texlive/2025/texmf-dist/tex/latex/graphics/graphics.sty
Package: graphics 2024/08/06 v1.4g Standard LaTeX Graphics (DPC,SPQR)

(/usr/local/texlive/2025/texmf-dist/tex/latex/graphics/trig.sty
Package: trig 2023/12/02 v1.11 sin cos tan (DPC)
)
(/usr/local/texlive/2025/texmf-dist/tex/latex/graphics-cfg/graphics.cfg
File: graphics.cfg 2016/06/04 v1.11 sample graphics configuration
)
Package graphics Info: Driver file: pdftex.def on input line 106.

(/usr/local/texlive/2025/texmf-dist/tex/latex/graphics-def/pdftex.def
File: pdftex.def 2024/04/13 v1.2c Graphics/color driver for pdftex

(/usr/local/texlive/2025/texmf-dist/tex/context/base/mkii/supp-pdf.mkii
[Loading MPS to PDF converter (version 2006.09.02).]
\scratchcounter=\count324
\scratchdimen=\dimen195
\scratchbox=\box67
\nofMPsegments=\count325
\nofMParguments=\count326
\everyMPshowfont=\toks38
\MPscratchCnt=\count327
\MPscratchDim=\dimen196
\MPnumerator=\count328
\makeMPintoPDFobject=\count329
\everyMPtoPDFconversion=\toks39
)))
(/usr/local/texlive/2025/texmf-dist/tex/latex/epstopdf-pkg/epstopdf-base.sty
Package: epstopdf-base 2020-01-24 v2.11 Base part for package epstopdf
Package epstopdf-base Info: Redefining graphics rule for `.eps' on input line 4
85.

(/usr/local/texlive/2025/texmf-dist/tex/latex/latexconfig/epstopdf-sys.cfg
File: epstopdf-sys.cfg 2010/07/13 v1.3 Configuration of (r)epstopdf for TeX Liv
e
))
\Gin@req@height=\dimen197
\Gin@req@width=\dimen198
)
(/usr/local/texlive/2025/texmf-dist/tex/latex/graphics/color.sty
Package: color 2024/06/23 v1.3e Standard LaTeX Color (DPC)

(/usr/local/texlive/2025/texmf-dist/tex/latex/graphics-cfg/color.cfg
File: color.cfg 2016/01/02 v1.6 sample color configuration
)
Package color Info: Driver file: pdftex.def on input line 149.

(/usr/local/texlive/2025/texmf-dist/tex/latex/graphics/mathcolor.ltx))
Package hyperref Info: Link coloring ON on input line 25.

(./Canonical_Certification_and_Enriched_Reflective_Realization.out)
(./Canonical_Certification_and_Enriched_Reflective_Realization.out)
\@outlinefile=\write3
\openout3 = `Canonical_Certification_and_Enriched_Reflective_Realization.out'.

\c@lstlisting=\count330
LaTeX Font Info:    Trying to load font information for U+msa on input line 28.


(/usr/local/texlive/2025/texmf-dist/tex/latex/amsfonts/umsa.fd
File: umsa.fd 2013/01/14 v3.01 AMS symbols A
)
(/usr/local/texlive/2025/texmf-dist/tex/latex/microtype/mt-msa.cfg
File: mt-msa.cfg 2006/02/04 v1.1 microtype config. file: AMS symbols (a) (RS)
)
LaTeX Font Info:    Trying to load font information for U+msb on input line 28.


(/usr/local/texlive/2025/texmf-dist/tex/latex/amsfonts/umsb.fd
File: umsb.fd 2013/01/14 v3.01 AMS symbols B
)
(/usr/local/texlive/2025/texmf-dist/tex/latex/microtype/mt-msb.cfg
File: mt-msb.cfg 2005/06/01 v1.0 microtype config. file: AMS symbols (b) (RS)
)
Package microtype Info: Loading generic protrusion settings for font family
(microtype)             `cmtt' (encoding: T1).
(microtype)             For optimal results, create family-specific settings.
(microtype)             See the microtype manual for details.

Overfull \hbox (35.17433pt too wide) in paragraph at lines 39--39
\T1/cmr/bx/n/10.95 (-20) Code/Data avail-abil-ity: \T1/cmr/m/n/10.95 (-20) Repo
s-i-tory: [][]$\T1/cmtt/m/n/10.95 https : / / github . com / novaspivack / infi
nity-[]compression-[]lean$[][]\T1/cmr/m/n/10.95 (-20) .
 []

(./Canonical_Certification_and_Enriched_Reflective_Realization.toc

[1

{/usr/local/texlive/2025/texmf-var/fonts/map/pdftex/updmap/pdftex.map}{/usr/loc
al/texlive/2025/texmf-dist/fonts/enc/dvips/cm-super/cm-super-t1.enc}]

[2])
\tf@toc=\write4
\openout4 = `Canonical_Certification_and_Enriched_Reflective_Realization.toc'.



[3]
Overfull \hbox (58.75632pt too wide) in paragraph at lines 58--59
[]\T1/cmr/bx/it/10.95 (-20) Collapse / canon-i-cal cer-ti-fi-ca-tion: \T1/cmr/m
/it/10.95 (-20) for all skele-tons $\OML/cmm/m/it/10.95 s$ \T1/cmr/m/it/10.95 (
-20) and ex-trac-tions $\OML/cmm/m/it/10.95 H$\T1/cmr/m/it/10.95 (-20) , $[]\OT
1/cmr/m/n/10.95 (-20) (\OML/cmm/m/it/10.95 s; H\OT1/cmr/m/n/10.95 (-20) ) =
 []

Package microtype Info: Loading generic protrusion settings for font family
(microtype)             `cmss' (encoding: OT1).
(microtype)             For optimal results, create family-specific settings.
(microtype)             See the microtype manual for details.


[4]

[5]

[6{/usr/local/texlive/2025/texmf-dist/fonts/enc/dvips/cm-super/cm-super-ts1.enc
}]

[7]
Overfull \hbox (41.48401pt too wide) in paragraph at lines 153--154
\T1/cmr/m/it/10.95 (-20) Lean: \T1/cmtt/m/n/10.95 admissibleFrom_skeleton_eq_ad
missibleStandard \T1/cmr/m/n/10.95 (-20) (\T1/cmtt/m/n/10.95 MetaProof/LocalToG
lobalDerivation.lean\T1/cmr/m/n/10.95 (-20) );
 []


Overfull \hbox (36.9065pt too wide) in paragraph at lines 160--161
\T1/cmr/m/n/10.95 (-20) stan-dard pack-aged record. Then $[]\OT1/cmr/m/n/10.95 
(-20) (\OML/cmm/m/it/10.95 d\OT1/cmr/m/n/10.95 (-20) )$ \T1/cmr/m/n/10.95 (-20)
 means $\OML/cmm/m/it/10.95 d \OT1/cmr/m/n/10.95 (-20) = \OML/cmm/m/it/10.95 b[
]$\T1/cmr/m/n/10.95 (-20) ; equiv-a-lently \T1/cmtt/m/n/10.95 IsCanonicalBareSu
mmitCertification
 []


Overfull \hbox (5.3785pt too wide) in paragraph at lines 164--165
[]\T1/cmr/bx/n/10.95 (-20) Theorem 3.3 \T1/cmr/m/n/10.95 (-20) (Phase-2 canon-i
-cal cer-ti-fi-ca-tion prin-ci-ple)\T1/cmr/bx/n/10.95 (-20) . []\T1/cmr/m/it/10
.95 (-20) For fixed $\OML/cmm/m/it/10.95 A$\T1/cmr/m/it/10.95 (-20) , ev-ery \T
1/cmtt/m/it/10.95 admissibleFromSkeleton
 []


Overfull \hbox (187.63623pt too wide) detected at line 168
\OMS/cmsy/m/n/10.95 8\OML/cmm/m/it/10.95 s; H: []\OT1/cmr/m/n/10.95 ([](\OML/cm
m/m/it/10.95 s; H\OT1/cmr/m/n/10.95 ))\OML/cmm/m/it/10.95 ;  \OMS/cmsy/m/n/10.9
5 8[]\OML/cmm/m/it/10.95 ; H: []\OT1/cmr/m/n/10.95 ([]\OML/cmm/m/it/10.95 :[]\O
T1/cmr/m/n/10.95 ([]\OML/cmm/m/it/10.95 ; H\OT1/cmr/m/n/10.95 )\OML/cmm/m/it/10
.95 :[]\OT1/cmr/m/n/10.95 )\OML/cmm/m/it/10.95 :
 []


Overfull \hbox (6.92406pt too wide) in paragraph at lines 172--173
\T1/cmr/m/it/10.95 (-20) Lean: \T1/cmtt/m/n/10.95 canonical_certification_princ
iple_phase2 \T1/cmr/m/n/10.95 (-20) (\T1/cmtt/m/n/10.95 MetaProof/CanonicalCert
ification.lean\T1/cmr/m/n/10.95 (-20) ). 
 []


Overfull \hbox (18.42271pt too wide) in paragraph at lines 184--185
\T1/cmr/m/n/10.95 (-20) tion is canon-i-cally cer-ti-fied and $\OML/cmm/m/it/10
.95 m$ \T1/cmr/m/n/10.95 (-20) is an au-tonomous sum-mit mir-ror (Lean: \T1/cmt
t/m/n/10.95 ReflectiveSplitAutonomous\T1/cmr/m/n/10.95 (-20) ). 
 []



[8]
Overfull \hbox (25.03036pt too wide) detected at line 191
[][][]\OT1/cmr/m/n/10.95 (\OML/cmm/m/it/10.95 ^^Z; H\OT1/cmr/m/n/10.95 )[]\OML/
cmm/m/it/10.95 :
 []


Overfull \hbox (65.62555pt too wide) in paragraph at lines 204--205
\T1/cmr/m/it/10.95 (-20) Lean: \T1/cmtt/m/n/10.95 nems_distinct_autonomous_spli
ts_same_canonical_bare \T1/cmr/m/n/10.95 (-20) (\T1/cmtt/m/n/10.95 MetaProof/En
richedIrreducibility.lean\T1/cmr/m/n/10.95 (-20) ,
 []

LaTeX Font Info:    Font shape `T1/cmtt/bx/n' in size <10.95> not available
(Font)              Font shape `T1/cmtt/m/n' tried instead on input line 221.

Overfull \hbox (51.72334pt too wide) in paragraph at lines 220--222
\T1/cmr/bx/n/10.95 (-20) DQ4.1\T1/cmr/m/n/10.95 (-20) ); \T1/cmr/bx/n/10.95 (-2
0) align-ment of the for-get-ful pro-jec-tion with \T1/cmtt/m/n/10.95 bridge.de
rivation \T1/cmr/m/n/10.95 (-20) (\T1/cmtt/m/n/10.95 forgetToBareCanonical_soun
d\T1/cmr/m/n/10.95 (-20) ,
 []


Overfull \hbox (148.6303pt too wide) in paragraph at lines 220--222
\T1/cmr/bx/n/10.95 (-20) T-DQ4.2\T1/cmr/m/n/10.95 (-20) ); and equal-ity of for
-get-ful im-ages from equal bridge deriva-tions (\T1/cmtt/m/n/10.95 forgetToBar
eCanonical_eq_of_bridge_derivation_eq\T1/cmr/m/n/10.95 (-20) ).
 []


Overfull \hbox (44.39178pt too wide) in paragraph at lines 220--222
\T1/cmr/m/n/10.95 (-20) On the stan-dard de-vel-op-ment, en-riched splits built
 from roles+extraction for-get to \T1/cmtt/m/n/10.95 canonicalBareCertificate
 []


Overfull \hbox (222.74767pt too wide) in paragraph at lines 220--222
\T1/cmr/m/n/10.95 (-20) (\T1/cmtt/m/n/10.95 enriched_reflective_split_forgets_t
o_canonical_bare_certificate\T1/cmr/m/n/10.95 (-20) , \T1/cmtt/m/n/10.95 from_r
oles_standard_forgets_to_canonical_bare_certificate\T1/cmr/m/n/10.95 (-20) ). 
 []



[9]
Overfull \hbox (69.77pt too wide) in paragraph at lines 228--229
\T1/cmr/m/it/10.95 (-20) Lean: \T1/cmtt/m/n/10.95 nems_reflective_route_not_inj
ective_to_bare \T1/cmr/m/n/10.95 (-20) and \T1/cmtt/m/n/10.95 nems_reflective_r
oute_strictly_refines_bare\T1/cmr/m/n/10.95 (-20) ,
 []


Overfull \hbox (24.5089pt too wide) in paragraph at lines 246--247
\T1/cmr/m/it/10.95 (-20) Lean: \T1/cmtt/m/n/10.95 nems_fiber_over_canonical_non
trivial \T1/cmr/m/n/10.95 (-20) (\T1/cmtt/m/n/10.95 MetaProof/ReflectiveFiberCl
assification.lean\T1/cmr/m/n/10.95 (-20) ),
 []


Overfull \hbox (133.2954pt too wide) in paragraph at lines 258--259
\T1/cmr/m/it/10.95 (-20) Lean: \T1/cmtt/m/n/10.95 splitInCanonicalFiber_roles_i
njective \T1/cmr/m/n/10.95 (-20) (\T1/cmr/bx/n/10.95 (-20) T-FC.4\T1/cmr/m/n/10
.95 (-20) ); NEMS corol-lary \T1/cmtt/m/n/10.95 nems_roles_injective_into_canon
ical_fiber\T1/cmr/m/n/10.95 (-20) .
 []



[10]
Overfull \hbox (69.08214pt too wide) in paragraph at lines 273--274
[]\T1/cmr/bx/n/10.95 (-20) Definition 7.1 \T1/cmr/m/n/10.95 (-20) (Role-rich / 
role--pair--di-verse crown el-i-gi-bil-ity)\T1/cmr/bx/n/10.95 (-20) . []\T1/cmr
/m/it/10.95 (-20) Role-rich crown el-i-gi-bil-ity \T1/cmr/m/n/10.95 (-20) (\T1/
cmtt/m/n/10.95 RoleRichCrownEligible\T1/cmr/m/n/10.95 (-20) )
 []


Overfull \hbox (61.51895pt too wide) in paragraph at lines 273--274
\T1/cmr/m/it/10.95 (-20) i-gi-bil-ity \T1/cmr/m/n/10.95 (-20) (\T1/cmtt/m/n/10.
95 RolePairDiverseCrownEligible\T1/cmr/m/n/10.95 (-20) ) is \T1/cmtt/m/n/10.95 
CrownEligible \T1/cmr/m/n/10.95 (-20) to-gether with \T1/cmr/m/it/10.95 (-20) t
wo \T1/cmr/m/n/10.95 (-20) dis-tinct \T1/cmtt/m/n/10.95 RoleSeparatedSkeleton
 []


Overfull \hbox (216.74266pt too wide) in paragraph at lines 284--285
\T1/cmr/m/it/10.95 (-20) Lean: \T1/cmtt/m/n/10.95 role_pair_diverse_crown_eligi
ble_strict_refinement \T1/cmr/m/n/10.95 (-20) (\T1/cmr/bx/n/10.95 (-20) T-GR.3\
T1/cmr/m/n/10.95 (-20) ), \T1/cmtt/m/n/10.95 role_pair_diverse_crown_eligible_p
roper_extension_forget
 []


Overfull \hbox (48.20448pt too wide) in paragraph at lines 284--285
\T1/cmr/m/n/10.95 (-20) (\T1/cmr/bx/n/10.95 (-20) T-GR.4\T1/cmr/m/n/10.95 (-20)
 , \T1/cmtt/m/n/10.95 ProperExtensionViaForgetful\T1/cmr/m/n/10.95 (-20) ); NEM
S in-stances \T1/cmtt/m/n/10.95 nems_role_pair_diverse_strict_refinement\T1/cmr
/m/n/10.95 (-20) ,
 []


Overfull \hbox (209.94081pt too wide) in paragraph at lines 284--285
\T1/cmtt/m/n/10.95 nems_spine_role_pair_diverse_crown_eligible \T1/cmr/m/n/10.9
5 (-20) (\T1/cmr/bx/n/10.95 (-20) T-GR.7\T1/cmr/m/n/10.95 (-20) ). Role-rich: \
T1/cmtt/m/n/10.95 role_rich_crown_eligible_obtains_enriched_reflective_split
 []

LaTeX Font Info:    Font shape `T1/cmtt/bx/n' in size <12> not available
(Font)              Font shape `T1/cmtt/m/n' tried instead on input line 286.


[11]
Overfull \hbox (6.05327pt too wide) in paragraph at lines 300--301
\T1/cmr/bx/n/10.95 (-20) Theorem pat-tern: \T1/cmtt/m/n/10.95 autonomous_reflec
tive_split_records_non_monopolar_standard \T1/cmr/m/n/10.95 (-20) (\T1/cmr/bx/n
/10.95 (-20) T-C+.4\T1/cmr/m/n/10.95 (-20) )
 []



[12]

[13]
LaTeX Font Info:    Font shape `T1/cmtt/bx/n' in size <9> not available
(Font)              Font shape `T1/cmtt/m/n' tried instead on input line 371.

Underfull \hbox (badness 10000) in paragraph at lines 371--372
[]|\T1/cmr/bx/n/9 (+20) Module (un-der
 []


Overfull \hbox (17.2129pt too wide) in alignment at lines 369--373
 [] [] [] [] 
 []


Overfull \hbox (17.2129pt too wide) in alignment at lines 373--377
 [] [] [] [] 
 []


Overfull \hbox (17.2129pt too wide) in alignment at lines 377--379
 [] [] [] [] 
 []


Underfull \hbox (badness 10000) in paragraph at lines 380--380
[]|\T1/cmr/m/n/9 (+20) Phase-2 skele-ton path equals
 []


Overfull \hbox (90.43938pt too wide) in paragraph at lines 380--380
[]|\T1/cmtt/m/n/9 admissibleFrom_skeleton_eq_admissibleStandard
 []


Overfull \hbox (66.76239pt too wide) in paragraph at lines 380--381
[]|\T1/cmtt/m/n/9 MetaProof/LocalToGlobalDerivation.lean| 
 []


Overfull \hbox (118.78246pt too wide) in paragraph at lines 381--381
[]|\T1/cmtt/m/n/9 admissibleFrom_skeleton_eq_irrespective_of_skeleton| 
 []


Overfull \hbox (66.82014pt too wide) in paragraph at lines 382--382
[]|\T1/cmtt/m/n/9 canonical_certification_principle_phase2
 []


Overfull \hbox (62.03854pt too wide) in paragraph at lines 382--383
[]|\T1/cmtt/m/n/9 MetaProof/CanonicalCertification.lean| 
 []


Overfull \hbox (104.61092pt too wide) in paragraph at lines 383--383
[]|\T1/cmtt/m/n/9 fromRoles_extraction_bridge_derivation_canonical| 
 []


Overfull \hbox (38.47707pt too wide) in paragraph at lines 384--384
[]|\T1/cmtt/m/n/9 IsCanonicalBareSummitCertification
 []


Overfull \hbox (47.92476pt too wide) in paragraph at lines 385--385
[]|\T1/cmtt/m/n/9 reflective_split_from_roles_standard
 []


Overfull \hbox (28.97162pt too wide) in paragraph at lines 385--386
[]|\T1/cmtt/m/n/9 MetaProof/ReflectiveSplit.lean| 
 []


Underfull \hbox (badness 10000) in paragraph at lines 387--387
[]|\T1/cmtt/m/n/9 ReflectiveMirrorWitness\T1/cmr/m/n/9 (+20) ,
 []


Overfull \hbox (24.30553pt too wide) in paragraph at lines 387--387
\T1/cmtt/m/n/9 fromRolesAndExtraction_standard| 
 []


Overfull \hbox (66.76239pt too wide) in paragraph at lines 387--388
[]|\T1/cmtt/m/n/9 MetaProof/ReflectiveMirrorWitness.lean| 
 []


Overfull \hbox (118.78246pt too wide) in paragraph at lines 388--388
[]|\T1/cmtt/m/n/9 nems_distinct_autonomous_splits_same_canonical_bare
 []


Overfull \hbox (62.03854pt too wide) in paragraph at lines 388--389
[]|\T1/cmtt/m/n/9 MetaProof/EnrichedIrreducibility.lean| 
 []


Overfull \hbox (151.84938pt too wide) in paragraph at lines 389--389
[]|\T1/cmtt/m/n/9 autonomous_reflective_split_records_non_monopolar_standard
 []


Underfull \hbox (badness 10000) in paragraph at lines 391--391
[]|\T1/cmtt/m/n/9 BareCanonicalCertificate\T1/cmr/m/n/9 (+20) ,
 []


Underfull \hbox (badness 10000) in paragraph at lines 391--391
\T1/cmtt/m/n/9 EnrichedReflectiveSplit
 []


Overfull \hbox (76.21008pt too wide) in paragraph at lines 391--392
[]|\T1/cmtt/m/n/9 MetaProof/ReflectiveRouteComparison.lean| 
 []


Overfull \hbox (5.41014pt too wide) in paragraph at lines 392--392
[]|\T1/cmtt/m/n/9 ProperExtensionViaForgetful
 []


Underfull \hbox (badness 5939) in paragraph at lines 393--393
[]|\T1/cmtt/m/n/9 forgetToBareCanonical \T1/cmr/m/n/9 (+20) (\T1/cmr/bx/n/9 (+2
0) D-
 []


Overfull \hbox (53.88062pt too wide) in paragraph at lines 394--394
[]|\T1/cmtt/m/n/9 reflective_split_forgets_to_canonical\T1/cmr/m/n/9 (-20) ,
 []


Overfull \hbox (5.41014pt too wide) in paragraph at lines 394--394
\T1/cmtt/m/n/9 forgetToBareCanonical_sound| 
 []


Underfull \hbox (badness 3333) in paragraph at lines 395--395
[]|\T1/cmr/m/n/9 (+20) Non-injectivity / strict re-fine-ment
 []


Overfull \hbox (82.2237pt too wide) in paragraph at lines 395--395
[]|\T1/cmtt/m/n/9 nems_reflective_route_not_injective_to_bare\T1/cmr/m/n/9 (-20
) ,
 []


Overfull \hbox (80.99168pt too wide) in paragraph at lines 395--395
\T1/cmtt/m/n/9 nems_reflective_route_strictly_refines_bare| 
 []


Overfull \hbox (47.92476pt too wide) in paragraph at lines 397--397
[]|\T1/cmtt/m/n/9 nems_fiber_over_canonical_nontrivial
 []


Overfull \hbox (95.10547pt too wide) in paragraph at lines 397--398
[]|\T1/cmtt/m/n/9 MetaProof/ReflectiveFiberClassification.lean| 
 []


Overfull \hbox (175.46861pt too wide) in paragraph at lines 398--398
[]|\T1/cmtt/m/n/9 enriched_reflective_split_forgets_to_canonical_bare_certifica
te
 []


Overfull \hbox (71.54399pt too wide) in paragraph at lines 399--399
[]|\T1/cmtt/m/n/9 nems_distinct_roles_distinct_fiber_points
 []


Overfull \hbox (52.6486pt too wide) in paragraph at lines 400--400
[]|\T1/cmtt/m/n/9 splitInCanonicalFiber_roles_injective
 []


Overfull \hbox (71.54399pt too wide) in paragraph at lines 401--401
[]|\T1/cmtt/m/n/9 nems_roles_injective_into_canonical_fiber| 
 []


Underfull \hbox (badness 10000) in paragraph at lines 402--402
[]|\T1/cmtt/m/n/9 fiberAtBare\T1/cmr/m/n/9 (+20) ,
 []


Underfull \hbox (badness 10000) in paragraph at lines 402--402
\T1/cmtt/m/n/9 canonicalBareCertificate\T1/cmr/m/n/9 (+20) ,
 []


Overfull \hbox (114.05861pt too wide) in paragraph at lines 404--404
[]|\T1/cmtt/m/n/9 role_pair_diverse_crown_eligible_strict_refinement
 []


Overfull \hbox (128.1724pt too wide) in paragraph at lines 404--405
[]|\T1/cmtt/m/n/9 MetaProof/GeneralizedReflectiveFiberRefinement.lean| 
 []


Underfull \hbox (badness 10000) in paragraph at lines 405--405
[]|\T1/cmr/m/n/9 (+20) Pair-diverse $\OMS/cmsy/m/n/9 )$
 []


Overfull \hbox (142.40169pt too wide) in paragraph at lines 405--405
[]|\T1/cmtt/m/n/9 role_pair_diverse_crown_eligible_proper_extension_forget
 []


Underfull \hbox (badness 10000) in paragraph at lines 406--406
[]|\T1/cmtt/m/n/9 RoleRichCrownEligible\T1/cmr/m/n/9 (+20) ,
 []


Overfull \hbox (10.13399pt too wide) in paragraph at lines 406--406
\T1/cmtt/m/n/9 RolePairDiverseCrownEligible| 
 []


Overfull \hbox (44.43292pt too wide) in paragraph at lines 407--407
[]|\T1/cmtt/m/n/9 nems_spine_role_rich_crown_eligible\T1/cmr/m/n/9 (-20) ,
 []


Overfull \hbox (80.99168pt too wide) in paragraph at lines 407--407
\T1/cmtt/m/n/9 nems_spine_role_pair_diverse_crown_eligible
 []


Overfull \hbox (151.84938pt too wide) in paragraph at lines 408--408
[]|\T1/cmtt/m/n/9 role_rich_crown_eligible_obtains_enriched_reflective_split
 []


Overfull \hbox (99.65088pt too wide) in paragraph at lines 409--409
[]|\T1/cmtt/m/n/9 generalized_role_injection_into_canonical_fiber
 []


Overfull \hbox (156.57323pt too wide) in paragraph at lines 411--411
[]|\T1/cmtt/m/n/9 skeleton_indexed_fromRoles_derivation_eq_admissibleStandard
 []


Overfull \hbox (104.55316pt too wide) in paragraph at lines 411--412
[]|\T1/cmtt/m/n/9 MetaProof/SkeletonIndexedExtractionBridge.lean| 
 []


Overfull \hbox (17.2129pt too wide) in alignment at lines 379--412
 [] [] [] [] 
 []



[14] [15]
Overfull \hbox (84.95436pt too wide) in paragraph at lines 422--423
[]\T1/cmr/bx/n/10.95 (-20) Summit / land-scape (\T1/cmtt/m/n/10.95 Frontier/\T1
/cmr/bx/n/10.95 (-20) ): \T1/cmr/m/n/10.95 (-20) prin-ci-pal cer-ti-fied in-var
i-ant state-ments (e.g. \T1/cmtt/m/n/10.95 ic_universal_theorem_summit\T1/cmr/m
/n/10.95 (-20) ,
 []


Overfull \hbox (45.29926pt too wide) in paragraph at lines 423--424
[]\T1/cmr/bx/n/10.95 (-20) Route B meta (\T1/cmtt/m/n/10.95 MetaProof/\T1/cmr/b
x/n/10.95 (-20) ): \T1/cmr/m/n/10.95 (-20) sum-mit bun-dles (\T1/cmtt/m/n/10.95
 SummitTargets\T1/cmr/m/n/10.95 (-20) ), de-pen-dency shape (\T1/cmtt/m/n/10.95
 DependencyShape\T1/cmr/m/n/10.95 (-20) ),
 []


Overfull \hbox (28.3564pt too wide) in paragraph at lines 425--426
[]\T1/cmr/bx/n/10.95 (-20) Program E / 006E (sup-port-ing): \T1/cmtt/m/n/10.95 
ProgramECrownSummit\T1/cmr/m/n/10.95 (-20) , \T1/cmtt/m/n/10.95 ProgramE006ERef
lectiveFixedPoint\T1/cmr/m/n/10.95 (-20) ---
 []


Overfull \hbox (28.39333pt too wide) in paragraph at lines 426--427
[]\T1/cmr/bx/n/10.95 (-20) Post-summit au-tonomous mir-ror: \T1/cmtt/m/n/10.95 
ReflectiveMirrorWitness\T1/cmr/m/n/10.95 (-20) , \T1/cmtt/m/n/10.95 AutonomousM
irrorConstruction\T1/cmr/m/n/10.95 (-20) ;
 []


Overfull \hbox (72.93257pt too wide) in paragraph at lines 427--428
[]\T1/cmr/bx/n/10.95 (-20) Program C+ (this pa-per's core): \T1/cmtt/m/n/10.95 
CanonicalCertification\T1/cmr/m/n/10.95 (-20) , \T1/cmtt/m/n/10.95 ReflectiveSp
lit\T1/cmr/m/n/10.95 (-20) , \T1/cmtt/m/n/10.95 EnrichedIrreducibility\T1/cmr/m
/n/10.95 (-20) ,
 []


Overfull \hbox (91.56805pt too wide) in paragraph at lines 429--430
[]\T1/cmr/bx/n/10.95 (-20) Fiber clas-si-fi-ca-tion (EPIC_009): \T1/cmtt/m/n/10
.95 ReflectiveFiberClassification\T1/cmr/m/n/10.95 (-20) ---\T1/cmtt/m/n/10.95 
fiberAtBare\T1/cmr/m/n/10.95 (-20) , \T1/cmtt/m/n/10.95 splitInCanonicalFiber\T
1/cmr/m/n/10.95 (-20) ,
 []


Overfull \hbox (87.39734pt too wide) in paragraph at lines 430--431
[]\T1/cmr/bx/n/10.95 (-20) Generalized re-fine-ment (EPIC_010): \T1/cmtt/m/n/10
.95 GeneralizedReflectiveFiberRefinement\T1/cmr/m/n/10.95 (-20) ---\T1/cmtt/m/n
/10.95 RoleRichCrownEligible\T1/cmr/m/n/10.95 (-20) ,
 []


Overfull \hbox (19.47334pt too wide) in paragraph at lines 442--442
[]|\T1/cmtt/m/n/9 AdmissibleSummitDerivation
 []


Overfull \hbox (5.3018pt too wide) in paragraph at lines 443--443
[]|\T1/cmtt/m/n/9 ReflectiveMirrorWitness
 []


Underfull \hbox (badness 10000) in paragraph at lines 443--443
\T1/cmr/m/n/9 (+20) /
 []


Overfull \hbox (5.3018pt too wide) in paragraph at lines 443--443
\T1/cmtt/m/n/9 EnrichedReflectiveSplit| 
 []


Underfull \hbox (badness 10000) in paragraph at lines 444--444
[]|\T1/cmtt/m/n/9 fiberAtBare \T1/cmr/m/n/9 (+20) /
 []


Overfull \hbox (53.02322pt too wide) in paragraph at lines 450--451
\T1/cmr/bx/n/10.95 (-20) What col-lapsed (proved): \T1/cmr/m/n/10.95 (-20) For 
ev-ery \T1/cmtt/m/n/10.95 ConstructiveDerivationSkeleton $\OML/cmm/m/it/10.95 s
$ \T1/cmr/m/n/10.95 (-20) and \T1/cmtt/m/n/10.95 SummitComponentExtraction
 []


Overfull \hbox (74.46004pt too wide) in paragraph at lines 450--451
\OML/cmm/m/it/10.95 H$\T1/cmr/m/n/10.95 (-20) , \T1/cmtt/m/n/10.95 admissibleFr
omSkeleton s H = admissibleStandard \T1/cmr/m/n/10.95 (-20) (\T1/cmtt/m/n/10.95
 admissibleFrom_skeleton_eq_admissibleStandard\T1/cmr/m/n/10.95 (-20) ,
 []


Overfull \hbox (68.90103pt too wide) in paragraph at lines 450--451
\T1/cmr/m/n/10.95 (-20) The-o-rem [][]3.1[][]). For roles+extraction bridges, \
T1/cmtt/m/n/10.95 skeleton_indexed_fromRoles_derivation_eq_admissibleStandard
 []


Overfull \hbox (5.88852pt too wide) in paragraph at lines 450--451
\T1/cmr/m/n/10.95 (-20) forces the same bare record. The bun-dled state-ment is
 \T1/cmtt/m/n/10.95 canonical_certification_principle_phase2
 []



[16]
Overfull \hbox (14.17822pt too wide) in paragraph at lines 454--455
\T1/cmr/m/n/10.95 (-20) fibers \T1/cmtt/m/n/10.95 fiberAtBare \T1/cmr/m/n/10.95
 (-20) over \T1/cmtt/m/n/10.95 canonicalBareCertificate\T1/cmr/m/n/10.95 (-20) 
, and role-sensitive maps \T1/cmtt/m/n/10.95 splitInCanonicalFiber\T1/cmr/m/n/1
0.95 (-20) . 
 []


Overfull \hbox (9.31519pt too wide) in paragraph at lines 458--459
[]\T1/cmr/bx/n/10.95 (-20) Packaging mir-ror caveat (au-dit): \T1/cmr/m/n/10.95
 (-20) as doc-u-mented in \T1/cmtt/m/n/10.95 specs/NOTES/IC_Closed_Open_Ledger.
md\T1/cmr/m/n/10.95 (-20) ,
 []



[17]
pdfTeX warning (ext4): destination with the same identifier (name{appendix.A}) 
has been already used, duplicate ignored
<to be read again> 
                   \relax 
l.475 \section{Artifact and build details}
                                          \label{app:artifact}
Overfull \hbox (30.99577pt too wide) in paragraph at lines 477--478
[]\T1/cmr/bx/n/10.95 (-20) Repository lay-out: \T1/cmr/m/n/10.95 (-20) the Lean
 project lives at \T1/cmtt/m/n/10.95 infinity-compression/infinity-compression-
lean/
 []


Overfull \hbox (474.46016pt too wide) in paragraph at lines 477--478
\T1/cmr/m/n/10.95 (-20) rel-a-tive to the \T1/cmtt/m/n/10.95 infinity-compressi
on \T1/cmr/m/n/10.95 (-20) monorepo root (this pa-per's \T1/cmtt/m/n/10.95 .tex
 \T1/cmr/m/n/10.95 (-20) file is un-der \T1/cmtt/m/n/10.95 infinity-compression
-lean/papers/Canonical_Certification_and_Enriched_Reflective_Realization/\T1/cm
r/m/n/10.95 (-20) ). 
 []


Overfull \hbox (81.95479pt too wide) in paragraph at lines 479--480
[]\T1/cmr/bx/n/10.95 (-20) Lean toolchain (pinned): \T1/cmtt/m/n/10.95 leanprov
er/lean4:v4.29.0-rc3 \T1/cmr/m/n/10.95 (-20) (\T1/cmtt/m/n/10.95 infinity-compr
ession-lean/lean-toolchain\T1/cmr/m/n/10.95 (-20) ). 
 []


Overfull \hbox (19.45224pt too wide) in paragraph at lines 482--483
[]\T1/cmtt/m/n/10.95 sorry \T1/cmr/bx/n/10.95 (-20) pol-icy (ver-i-fied): \T1/c
mtt/m/n/10.95 README.md \T1/cmr/m/n/10.95 (-20) states zero \T1/cmtt/m/n/10.95 
sorry \T1/cmr/m/n/10.95 (-20) in proof terms un-der \T1/cmtt/m/n/10.95 Infinity
Compression/\T1/cmr/m/n/10.95 (-20) ;
 []


Overfull \hbox (22.48653pt too wide) in paragraph at lines 484--485
[]\T1/cmr/bx/n/10.95 (-20) Theorem in-ven-tory cross-check: \T1/cmtt/m/n/10.95 
specs/NOTES/EPIC_THEOREM_INVENTORY_LEAN_PAPER_PREP.md
 []


pdfTeX warning (ext4): destination with the same identifier (name{appendix.B}) 
has been already used, duplicate ignored
<to be read again> 
                   \relax 
l.488 \section{Selected Lean excerpts}
                                      \label{app:lean-snippets}
LaTeX Font Info:    Font shape `T1/cmtt/bx/n' in size <10> not available
(Font)              Font shape `T1/cmtt/m/n' tried instead on input line 491.

Overfull \hbox (45.5689pt too wide) in paragraph at lines 503--504
\T1/cmtt/m/n/10.95 x.property.left \T1/cmr/m/n/10.95 (-20) is the \T1/cmtt/m/n/
10.95 IsCanonicalBareSummitCertification \T1/cmr/m/n/10.95 (-20) com-po-nent of
 \T1/cmtt/m/n/10.95 ReflectiveSplitAutonomous
 []



[18]

[19] (./Canonical_Certification_and_Enriched_Reflective_Realization.aux)
 ***********
LaTeX2e <2024-11-01> patch level 2
L3 programming layer <2025-01-18>
 ***********


LaTeX Warning: There were multiply-defined labels.

Package rerunfilecheck Info: File `Canonical_Certification_and_Enriched_Reflect
ive_Realization.out' has not changed.
(rerunfilecheck)             Checksum: 76EF44F21F415A87C71E4127CC33109B;14770.
 ) 
Here is how much of TeX's memory you used:
 18003 strings out of 473190
 292033 string characters out of 5715801
 788005 words of memory out of 5000000
 40564 multiletter control sequences out of 15000+600000
 601237 words of font info for 281 fonts, out of 8000000 for 9000
 1141 hyphenation exceptions out of 8191
 80i,11n,82p,1779b,1258s stack positions out of 10000i,1000n,20000p,200000b,200000s
</usr/local/texlive/2025/texmf-dist/fonts/type1/public/amsfonts/cm/cmex10.pfb
></usr/local/texlive/2025/texmf-dist/fonts/type1/public/amsfonts/cm/cmmi10.pfb>
</usr/local/texlive/2025/texmf-dist/fonts/type1/public/amsfonts/cm/cmmi6.pfb></
usr/local/texlive/2025/texmf-dist/fonts/type1/public/amsfonts/cm/cmmi7.pfb></us
r/local/texlive/2025/texmf-dist/fonts/type1/public/amsfonts/cm/cmmi8.pfb></usr/
local/texlive/2025/texmf-dist/fonts/type1/public/amsfonts/cm/cmmi9.pfb></usr/lo
cal/texlive/2025/texmf-dist/fonts/type1/public/amsfonts/cm/cmr10.pfb></usr/loca
l/texlive/2025/texmf-dist/fonts/type1/public/amsfonts/cm/cmr6.pfb></usr/local/t
exlive/2025/texmf-dist/fonts/type1/public/amsfonts/cm/cmr8.pfb></usr/local/texl
ive/2025/texmf-dist/fonts/type1/public/amsfonts/cm/cmr9.pfb></usr/local/texlive
/2025/texmf-dist/fonts/type1/public/amsfonts/cm/cmss10.pfb></usr/local/texlive/
2025/texmf-dist/fonts/type1/public/amsfonts/cm/cmsy10.pfb></usr/local/texlive/2
025/texmf-dist/fonts/type1/public/amsfonts/cm/cmsy6.pfb></usr/local/texlive/202
5/texmf-dist/fonts/type1/public/amsfonts/cm/cmsy8.pfb></usr/local/texlive/2025/
texmf-dist/fonts/type1/public/amsfonts/cm/cmsy9.pfb></usr/local/texlive/2025/te
xmf-dist/fonts/type1/public/cm-super/sfbi1095.pfb></usr/local/texlive/2025/texm
f-dist/fonts/type1/public/cm-super/sfbx0900.pfb></usr/local/texlive/2025/texmf-
dist/fonts/type1/public/cm-super/sfbx1000.pfb></usr/local/texlive/2025/texmf-di
st/fonts/type1/public/cm-super/sfbx1095.pfb></usr/local/texlive/2025/texmf-dist
/fonts/type1/public/cm-super/sfbx1200.pfb></usr/local/texlive/2025/texmf-dist/f
onts/type1/public/cm-super/sfbx1440.pfb></usr/local/texlive/2025/texmf-dist/fon
ts/type1/public/cm-super/sfit1095.pfb></usr/local/texlive/2025/texmf-dist/fonts
/type1/public/cm-super/sfrm0900.pfb></usr/local/texlive/2025/texmf-dist/fonts/t
ype1/public/cm-super/sfrm1000.pfb></usr/local/texlive/2025/texmf-dist/fonts/typ
e1/public/cm-super/sfrm1095.pfb></usr/local/texlive/2025/texmf-dist/fonts/type1
/public/cm-super/sfrm1200.pfb></usr/local/texlive/2025/texmf-dist/fonts/type1/p
ublic/cm-super/sfrm1728.pfb></usr/local/texlive/2025/texmf-dist/fonts/type1/pub
lic/cm-super/sfti0900.pfb></usr/local/texlive/2025/texmf-dist/fonts/type1/publi
c/cm-super/sfti1095.pfb></usr/local/texlive/2025/texmf-dist/fonts/type1/public/
cm-super/sftt0900.pfb></usr/local/texlive/2025/texmf-dist/fonts/type1/public/cm
-super/sftt1000.pfb></usr/local/texlive/2025/texmf-dist/fonts/type1/public/cm-s
uper/sftt1095.pfb></usr/local/texlive/2025/texmf-dist/fonts/type1/public/cm-sup
er/sftt1200.pfb>
Output written on Canonical_Certification_and_Enriched_Reflective_Realization.p
df (19 pages, 683859 bytes).
PDF statistics:
 799 PDF objects out of 1000 (max. 8388607)
 703 compressed objects within 8 object streams
 134 named destinations out of 1000 (max. 500000)
 78881 words of extra memory for PDF output out of 89155 (max. 10000000)

